<?xml version="1.0" encoding="UTF-8"?>
<testsuites name="Mocha Tests" time="0.138" tests="23" failures="0">
  <testsuite name="Root Suite" timestamp="2016-03-23T02:45:29" tests="0" failures="0" time="0">
  </testsuite>
  <testsuite name="SSNoC Unit Test - Announcement" timestamp="2016-03-23T02:45:29" tests="2" failures="0" time="0.027">
    <testcase name="Root Suite SSNoC Unit Test - Announcement Existed User Post Announcement" time="0.027" classname="Existed User Post Announcement">
    </testcase>
    <testcase name="Root Suite SSNoC Unit Test - Announcement Reject Illegal User Posting Announcement" time="0" classname="Reject Illegal User Posting Announcement">
    </testcase>
  </testsuite>
  <testsuite name="SSNoC Unit Test - Message" timestamp="2016-03-23T02:45:29" tests="4" failures="0" time="0.068">
    <testcase name="Root Suite SSNoC Unit Test - Message Send test successfully." time="0.002" classname="Send test successfully.">
    </testcase>
    <testcase name="Root Suite SSNoC Unit Test - Message Test Get History" time="0.004" classname="Test Get History">
    </testcase>
    <testcase name="Root Suite SSNoC Unit Test - Message Test End Test" time="0.003" classname="Test End Test">
    </testcase>
    <testcase name="Root Suite SSNoC Unit Test - Message Test Performance Limit" time="0.059" classname="Test Performance Limit">
    </testcase>
  </testsuite>
  <testsuite name="SSNoC Unit Test - Private Message" timestamp="2016-03-23T02:45:29" tests="2" failures="0" time="0.008">
    <testcase name="Root Suite SSNoC Unit Test - Private Message Sending a private message successfully." time="0.004" classname="Sending a private message successfully.">
    </testcase>
    <testcase name="Root Suite SSNoC Unit Test - Private Message Sending a private message unsuccessfully." time="0.004" classname="Sending a private message unsuccessfully.">
    </testcase>
  </testsuite>
  <testsuite name="SSNoC Unit Test - Public Message" timestamp="2016-03-23T02:45:29" tests="1" failures="0" time="0.004">
    <testcase name="Root Suite SSNoC Unit Test - Public Message Sending a public message successfully." time="0.004" classname="Sending a public message successfully.">
    </testcase>
  </testsuite>
  <testsuite name="SSNoC Unit Test - SearchInformation" timestamp="2016-03-23T02:45:29" tests="7" failures="0" time="0.014">
    <testcase name="Root Suite SSNoC Unit Test - SearchInformation Search online user by name" time="0.001" classname="Search online user by name">
    </testcase>
    <testcase name="Root Suite SSNoC Unit Test - SearchInformation Search offline user by name" time="0.001" classname="Search offline user by name">
    </testcase>
    <testcase name="Root Suite SSNoC Unit Test - SearchInformation Search online user by status" time="0.001" classname="Search online user by status">
    </testcase>
    <testcase name="Root Suite SSNoC Unit Test - SearchInformation Search offline user by status" time="0.001" classname="Search offline user by status">
    </testcase>
    <testcase name="Root Suite SSNoC Unit Test - SearchInformation Search announcement" time="0.003" classname="Search announcement">
    </testcase>
    <testcase name="Root Suite SSNoC Unit Test - SearchInformation Search public message" time="0.003" classname="Search public message">
    </testcase>
    <testcase name="Root Suite SSNoC Unit Test - SearchInformation Search private message" time="0.004" classname="Search private message">
    </testcase>
  </testsuite>
  <testsuite name="SSNoC Unit Test - User" timestamp="2016-03-23T02:45:29" tests="7" failures="0" time="0.017">
    <testcase name="Root Suite SSNoC Unit Test - User Register Unregistered User" time="0.005" classname="Register Unregistered User">
    </testcase>
    <testcase name="Root Suite SSNoC Unit Test - User Register Existed UserJin" time="0.004" classname="Register Existed UserJin">
    </testcase>
    <testcase name="Root Suite SSNoC Unit Test - User Check Existed User" time="0.002" classname="Check Existed User">
    </testcase>
    <testcase name="Root Suite SSNoC Unit Test - User Check Non-Existed User" time="0.002" classname="Check Non-Existed User">
    </testcase>
    <testcase name="Root Suite SSNoC Unit Test - User Test getUserInfo if the user exists." time="0.001" classname="Test getUserInfo if the user exists.">
    </testcase>
    <testcase name="Root Suite SSNoC Unit Test - User Test getUserInfo if the user does not exist." time="0" classname="Test getUserInfo if the user does not exist.">
    </testcase>
    <testcase name="Root Suite SSNoC Unit Test - User Test ShareStatus" time="0.003" classname="Test ShareStatus">
    </testcase>
  </testsuite>
</testsuites>