{"/Users/guangyu/Desktop/18652/S16-A1-SSNoC/module/User.js":{"path":"/Users/guangyu/Desktop/18652/S16-A1-SSNoC/module/User.js","s":{"1":1,"2":1,"3":24,"4":24,"5":24,"6":24,"7":24,"8":1,"9":9,"10":9,"11":9,"12":9,"13":1,"14":2,"15":1,"16":2,"17":1,"18":0,"19":1,"20":1,"21":1,"22":1,"23":15,"24":15,"25":2,"26":13,"27":13,"28":13,"29":14,"30":1},"b":{"1":[2,13]},"f":{"1":24,"2":9,"3":2,"4":2,"5":0,"6":1,"7":15,"8":15},"fnMap":{"1":{"name":"User","line":6,"loc":{"start":{"line":6,"column":0},"end":{"line":6,"column":16}}},"2":{"name":"(anonymous_2)","line":14,"loc":{"start":{"line":14,"column":28},"end":{"line":14,"column":66}}},"3":{"name":"(anonymous_3)","line":21,"loc":{"start":{"line":21,"column":25},"end":{"line":21,"column":45}}},"4":{"name":"(anonymous_4)","line":25,"loc":{"start":{"line":25,"column":23},"end":{"line":25,"column":43}}},"5":{"name":"(anonymous_5)","line":29,"loc":{"start":{"line":29,"column":26},"end":{"line":29,"column":46}}},"6":{"name":"(anonymous_6)","line":34,"loc":{"start":{"line":34,"column":30},"end":{"line":34,"column":57}}},"7":{"name":"(anonymous_7)","line":39,"loc":{"start":{"line":39,"column":29},"end":{"line":39,"column":58}}},"8":{"name":"(anonymous_8)","line":40,"loc":{"start":{"line":40,"column":38},"end":{"line":40,"column":59}}}},"statementMap":{"1":{"start":{"line":4,"column":0},"end":{"line":4,"column":36}},"2":{"start":{"line":6,"column":0},"end":{"line":12,"column":1}},"3":{"start":{"line":7,"column":4},"end":{"line":7,"column":25}},"4":{"start":{"line":8,"column":4},"end":{"line":8,"column":25}},"5":{"start":{"line":9,"column":4},"end":{"line":9,"column":24}},"6":{"start":{"line":10,"column":4},"end":{"line":10,"column":23}},"7":{"start":{"line":11,"column":4},"end":{"line":11,"column":31}},"8":{"start":{"line":14,"column":0},"end":{"line":19,"column":2}},"9":{"start":{"line":15,"column":4},"end":{"line":15,"column":29}},"10":{"start":{"line":16,"column":4},"end":{"line":16,"column":29}},"11":{"start":{"line":17,"column":4},"end":{"line":17,"column":25}},"12":{"start":{"line":18,"column":4},"end":{"line":18,"column":16}},"13":{"start":{"line":21,"column":0},"end":{"line":23,"column":2}},"14":{"start":{"line":22,"column":4},"end":{"line":22,"column":64}},"15":{"start":{"line":25,"column":0},"end":{"line":27,"column":2}},"16":{"start":{"line":26,"column":4},"end":{"line":26,"column":47}},"17":{"start":{"line":29,"column":0},"end":{"line":31,"column":2}},"18":{"start":{"line":30,"column":4},"end":{"line":30,"column":65}},"19":{"start":{"line":34,"column":0},"end":{"line":37,"column":2}},"20":{"start":{"line":35,"column":4},"end":{"line":35,"column":25}},"21":{"start":{"line":36,"column":4},"end":{"line":36,"column":60}},"22":{"start":{"line":39,"column":0},"end":{"line":51,"column":2}},"23":{"start":{"line":40,"column":4},"end":{"line":50,"column":7}},"24":{"start":{"line":41,"column":8},"end":{"line":47,"column":9}},"25":{"start":{"line":42,"column":12},"end":{"line":42,"column":32}},"26":{"start":{"line":44,"column":12},"end":{"line":44,"column":44}},"27":{"start":{"line":45,"column":12},"end":{"line":45,"column":40}},"28":{"start":{"line":46,"column":12},"end":{"line":46,"column":35}},"29":{"start":{"line":49,"column":8},"end":{"line":49,"column":20}},"30":{"start":{"line":53,"column":0},"end":{"line":53,"column":22}}},"branchMap":{"1":{"line":41,"type":"if","locations":[{"start":{"line":41,"column":8},"end":{"line":41,"column":8}},{"start":{"line":41,"column":8},"end":{"line":41,"column":8}}]}}},"/Users/guangyu/Desktop/18652/S16-A1-SSNoC/module/UserDb.js":{"path":"/Users/guangyu/Desktop/18652/S16-A1-SSNoC/module/UserDb.js","s":{"1":1,"2":1,"3":1,"4":1,"5":25,"6":1,"7":2,"8":2,"9":2,"10":2,"11":1,"12":1,"13":1,"14":1,"15":1,"16":1,"17":1,"18":0,"19":1,"20":1,"21":1,"22":1,"23":1,"24":2,"25":2,"26":2,"27":2,"28":1,"29":1,"30":1,"31":1,"32":1,"33":0,"34":0,"35":0,"36":0,"37":0,"38":0,"39":0,"40":0,"41":0,"42":0,"43":0,"44":0,"45":0,"46":0,"47":0,"48":0,"49":0,"50":0,"51":0,"52":0,"53":1,"54":0,"55":0,"56":0,"57":0,"58":1,"59":1,"60":1,"61":1,"62":1,"63":1,"64":1,"65":0,"66":1,"67":15,"68":15,"69":15,"70":15,"71":2,"72":1,"73":13,"74":13,"75":13,"76":13,"77":13,"78":1,"79":1,"80":1,"81":1,"82":1,"83":1,"84":1,"85":1,"86":1,"87":1,"88":1,"89":1,"90":1},"b":{"1":[1,1],"2":[0,1],"3":[1,1,1],"4":[1,1],"5":[2,2],"6":[0,0],"7":[0,0],"8":[0,0],"9":[0,0],"10":[0,0,0],"11":[1,0],"12":[2,13],"13":[15,15,15]},"f":{"1":25,"2":2,"3":2,"4":2,"5":1,"6":2,"7":2,"8":2,"9":0,"10":0,"11":0,"12":0,"13":0,"14":0,"15":0,"16":1,"17":1,"18":1,"19":15,"20":15,"21":15,"22":1,"23":1,"24":1,"25":1},"fnMap":{"1":{"name":"UserDb","line":9,"loc":{"start":{"line":9,"column":0},"end":{"line":9,"column":18}}},"2":{"name":"(anonymous_2)","line":14,"loc":{"start":{"line":14,"column":27},"end":{"line":14,"column":67}}},"3":{"name":"(anonymous_3)","line":16,"loc":{"start":{"line":16,"column":123},"end":{"line":16,"column":135}}},"4":{"name":"(anonymous_4)","line":17,"loc":{"start":{"line":17,"column":78},"end":{"line":17,"column":98}}},"5":{"name":"(anonymous_5)","line":26,"loc":{"start":{"line":26,"column":82},"end":{"line":26,"column":102}}},"6":{"name":"(anonymous_6)","line":44,"loc":{"start":{"line":44,"column":25},"end":{"line":44,"column":55}}},"7":{"name":"(anonymous_7)","line":46,"loc":{"start":{"line":46,"column":21},"end":{"line":46,"column":33}}},"8":{"name":"(anonymous_8)","line":47,"loc":{"start":{"line":47,"column":78},"end":{"line":47,"column":98}}},"9":{"name":"(anonymous_9)","line":59,"loc":{"start":{"line":59,"column":28},"end":{"line":59,"column":68}}},"10":{"name":"(anonymous_10)","line":61,"loc":{"start":{"line":61,"column":21},"end":{"line":61,"column":33}}},"11":{"name":"(anonymous_11)","line":62,"loc":{"start":{"line":62,"column":85},"end":{"line":62,"column":105}}},"12":{"name":"(anonymous_12)","line":70,"loc":{"start":{"line":70,"column":33},"end":{"line":70,"column":45}}},"13":{"name":"(anonymous_13)","line":71,"loc":{"start":{"line":71,"column":90},"end":{"line":71,"column":110}}},"14":{"name":"(anonymous_14)","line":92,"loc":{"start":{"line":92,"column":35},"end":{"line":92,"column":67}}},"15":{"name":"(anonymous_15)","line":99,"loc":{"start":{"line":99,"column":22},"end":{"line":99,"column":42}}},"16":{"name":"(anonymous_16)","line":106,"loc":{"start":{"line":106,"column":32},"end":{"line":106,"column":66}}},"17":{"name":"(anonymous_17)","line":110,"loc":{"start":{"line":110,"column":17},"end":{"line":110,"column":29}}},"18":{"name":"(anonymous_18)","line":111,"loc":{"start":{"line":111,"column":83},"end":{"line":111,"column":100}}},"19":{"name":"(anonymous_19)","line":120,"loc":{"start":{"line":120,"column":31},"end":{"line":120,"column":60}}},"20":{"name":"(anonymous_20)","line":122,"loc":{"start":{"line":122,"column":21},"end":{"line":122,"column":33}}},"21":{"name":"(anonymous_21)","line":123,"loc":{"start":{"line":123,"column":78},"end":{"line":123,"column":98}}},"22":{"name":"(anonymous_22)","line":140,"loc":{"start":{"line":140,"column":40},"end":{"line":140,"column":74}}},"23":{"name":"(anonymous_23)","line":146,"loc":{"start":{"line":146,"column":18},"end":{"line":146,"column":38}}},"24":{"name":"(anonymous_24)","line":151,"loc":{"start":{"line":151,"column":43},"end":{"line":151,"column":77}}},"25":{"name":"(anonymous_25)","line":157,"loc":{"start":{"line":157,"column":18},"end":{"line":157,"column":38}}}},"statementMap":{"1":{"start":{"line":5,"column":0},"end":{"line":5,"column":43}},"2":{"start":{"line":6,"column":0},"end":{"line":6,"column":33}},"3":{"start":{"line":7,"column":0},"end":{"line":7,"column":32}},"4":{"start":{"line":9,"column":0},"end":{"line":12,"column":1}},"5":{"start":{"line":10,"column":4},"end":{"line":10,"column":47}},"6":{"start":{"line":14,"column":0},"end":{"line":42,"column":2}},"7":{"start":{"line":15,"column":4},"end":{"line":15,"column":25}},"8":{"start":{"line":16,"column":4},"end":{"line":40,"column":7}},"9":{"start":{"line":17,"column":8},"end":{"line":39,"column":11}},"10":{"start":{"line":18,"column":12},"end":{"line":21,"column":13}},"11":{"start":{"line":19,"column":16},"end":{"line":19,"column":36}},"12":{"start":{"line":20,"column":16},"end":{"line":20,"column":23}},"13":{"start":{"line":22,"column":12},"end":{"line":22,"column":81}},"14":{"start":{"line":23,"column":12},"end":{"line":23,"column":51}},"15":{"start":{"line":24,"column":12},"end":{"line":24,"column":76}},"16":{"start":{"line":26,"column":12},"end":{"line":37,"column":15}},"17":{"start":{"line":27,"column":16},"end":{"line":36,"column":17}},"18":{"start":{"line":28,"column":20},"end":{"line":28,"column":40}},"19":{"start":{"line":31,"column":20},"end":{"line":31,"column":30}},"20":{"start":{"line":32,"column":20},"end":{"line":32,"column":49}},"21":{"start":{"line":33,"column":20},"end":{"line":33,"column":45}},"22":{"start":{"line":34,"column":20},"end":{"line":34,"column":37}},"23":{"start":{"line":44,"column":0},"end":{"line":57,"column":2}},"24":{"start":{"line":45,"column":4},"end":{"line":45,"column":25}},"25":{"start":{"line":46,"column":4},"end":{"line":56,"column":7}},"26":{"start":{"line":47,"column":8},"end":{"line":55,"column":11}},"27":{"start":{"line":48,"column":12},"end":{"line":54,"column":13}},"28":{"start":{"line":49,"column":16},"end":{"line":49,"column":30}},"29":{"start":{"line":50,"column":16},"end":{"line":50,"column":23}},"30":{"start":{"line":52,"column":16},"end":{"line":52,"column":30}},"31":{"start":{"line":53,"column":16},"end":{"line":53,"column":23}},"32":{"start":{"line":59,"column":0},"end":{"line":88,"column":2}},"33":{"start":{"line":60,"column":4},"end":{"line":60,"column":25}},"34":{"start":{"line":61,"column":4},"end":{"line":87,"column":7}},"35":{"start":{"line":62,"column":8},"end":{"line":86,"column":11}},"36":{"start":{"line":63,"column":12},"end":{"line":85,"column":13}},"37":{"start":{"line":64,"column":16},"end":{"line":64,"column":36}},"38":{"start":{"line":65,"column":16},"end":{"line":65,"column":23}},"39":{"start":{"line":66,"column":19},"end":{"line":85,"column":13}},"40":{"start":{"line":67,"column":16},"end":{"line":67,"column":36}},"41":{"start":{"line":68,"column":16},"end":{"line":68,"column":23}},"42":{"start":{"line":70,"column":16},"end":{"line":84,"column":19}},"43":{"start":{"line":71,"column":20},"end":{"line":83,"column":23}},"44":{"start":{"line":72,"column":24},"end":{"line":82,"column":25}},"45":{"start":{"line":73,"column":28},"end":{"line":73,"column":48}},"46":{"start":{"line":74,"column":28},"end":{"line":74,"column":35}},"47":{"start":{"line":76,"column":28},"end":{"line":76,"column":55}},"48":{"start":{"line":77,"column":28},"end":{"line":77,"column":38}},"49":{"start":{"line":78,"column":28},"end":{"line":78,"column":57}},"50":{"start":{"line":79,"column":28},"end":{"line":79,"column":53}},"51":{"start":{"line":80,"column":28},"end":{"line":80,"column":45}},"52":{"start":{"line":81,"column":28},"end":{"line":81,"column":35}},"53":{"start":{"line":92,"column":0},"end":{"line":104,"column":2}},"54":{"start":{"line":94,"column":4},"end":{"line":94,"column":110}},"55":{"start":{"line":97,"column":4},"end":{"line":97,"column":25}},"56":{"start":{"line":99,"column":8},"end":{"line":102,"column":10}},"57":{"start":{"line":101,"column":12},"end":{"line":101,"column":27}},"58":{"start":{"line":106,"column":0},"end":{"line":118,"column":2}},"59":{"start":{"line":107,"column":4},"end":{"line":107,"column":95}},"60":{"start":{"line":109,"column":4},"end":{"line":109,"column":25}},"61":{"start":{"line":110,"column":4},"end":{"line":117,"column":7}},"62":{"start":{"line":111,"column":8},"end":{"line":116,"column":11}},"63":{"start":{"line":114,"column":12},"end":{"line":115,"column":31}},"64":{"start":{"line":114,"column":40},"end":{"line":114,"column":54}},"65":{"start":{"line":115,"column":17},"end":{"line":115,"column":31}},"66":{"start":{"line":120,"column":0},"end":{"line":137,"column":2}},"67":{"start":{"line":121,"column":4},"end":{"line":121,"column":25}},"68":{"start":{"line":122,"column":4},"end":{"line":136,"column":7}},"69":{"start":{"line":123,"column":8},"end":{"line":135,"column":11}},"70":{"start":{"line":124,"column":12},"end":{"line":134,"column":13}},"71":{"start":{"line":125,"column":16},"end":{"line":125,"column":36}},"72":{"start":{"line":126,"column":16},"end":{"line":126,"column":23}},"73":{"start":{"line":129,"column":16},"end":{"line":129,"column":26}},"74":{"start":{"line":130,"column":16},"end":{"line":130,"column":45}},"75":{"start":{"line":131,"column":16},"end":{"line":131,"column":41}},"76":{"start":{"line":132,"column":16},"end":{"line":132,"column":33}},"77":{"start":{"line":133,"column":16},"end":{"line":133,"column":23}},"78":{"start":{"line":140,"column":0},"end":{"line":149,"column":1}},"79":{"start":{"line":141,"column":4},"end":{"line":142,"column":46}},"80":{"start":{"line":143,"column":4},"end":{"line":143,"column":19}},"81":{"start":{"line":144,"column":4},"end":{"line":144,"column":25}},"82":{"start":{"line":146,"column":4},"end":{"line":148,"column":6}},"83":{"start":{"line":147,"column":8},"end":{"line":147,"column":23}},"84":{"start":{"line":151,"column":0},"end":{"line":160,"column":1}},"85":{"start":{"line":152,"column":4},"end":{"line":153,"column":44}},"86":{"start":{"line":154,"column":4},"end":{"line":154,"column":19}},"87":{"start":{"line":155,"column":4},"end":{"line":155,"column":25}},"88":{"start":{"line":157,"column":4},"end":{"line":159,"column":6}},"89":{"start":{"line":158,"column":8},"end":{"line":158,"column":23}},"90":{"start":{"line":163,"column":0},"end":{"line":163,"column":24}}},"branchMap":{"1":{"line":18,"type":"if","locations":[{"start":{"line":18,"column":12},"end":{"line":18,"column":12}},{"start":{"line":18,"column":12},"end":{"line":18,"column":12}}]},"2":{"line":27,"type":"if","locations":[{"start":{"line":27,"column":16},"end":{"line":27,"column":16}},{"start":{"line":27,"column":16},"end":{"line":27,"column":16}}]},"3":{"line":27,"type":"binary-expr","locations":[{"start":{"line":27,"column":20},"end":{"line":27,"column":23}},{"start":{"line":27,"column":27},"end":{"line":27,"column":38}},{"start":{"line":27,"column":42},"end":{"line":27,"column":57}}]},"4":{"line":48,"type":"if","locations":[{"start":{"line":48,"column":12},"end":{"line":48,"column":12}},{"start":{"line":48,"column":12},"end":{"line":48,"column":12}}]},"5":{"line":48,"type":"binary-expr","locations":[{"start":{"line":48,"column":16},"end":{"line":48,"column":27}},{"start":{"line":48,"column":31},"end":{"line":48,"column":46}}]},"6":{"line":63,"type":"if","locations":[{"start":{"line":63,"column":12},"end":{"line":63,"column":12}},{"start":{"line":63,"column":12},"end":{"line":63,"column":12}}]},"7":{"line":63,"type":"binary-expr","locations":[{"start":{"line":63,"column":16},"end":{"line":63,"column":27}},{"start":{"line":63,"column":31},"end":{"line":63,"column":46}}]},"8":{"line":66,"type":"if","locations":[{"start":{"line":66,"column":19},"end":{"line":66,"column":19}},{"start":{"line":66,"column":19},"end":{"line":66,"column":19}}]},"9":{"line":72,"type":"if","locations":[{"start":{"line":72,"column":24},"end":{"line":72,"column":24}},{"start":{"line":72,"column":24},"end":{"line":72,"column":24}}]},"10":{"line":72,"type":"binary-expr","locations":[{"start":{"line":72,"column":28},"end":{"line":72,"column":31}},{"start":{"line":72,"column":35},"end":{"line":72,"column":46}},{"start":{"line":72,"column":50},"end":{"line":72,"column":65}}]},"11":{"line":114,"type":"if","locations":[{"start":{"line":114,"column":12},"end":{"line":114,"column":12}},{"start":{"line":114,"column":12},"end":{"line":114,"column":12}}]},"12":{"line":124,"type":"if","locations":[{"start":{"line":124,"column":12},"end":{"line":124,"column":12}},{"start":{"line":124,"column":12},"end":{"line":124,"column":12}}]},"13":{"line":124,"type":"binary-expr","locations":[{"start":{"line":124,"column":16},"end":{"line":124,"column":19}},{"start":{"line":124,"column":23},"end":{"line":124,"column":34}},{"start":{"line":124,"column":38},"end":{"line":124,"column":53}}]}}},"/Users/guangyu/Desktop/18652/S16-A1-SSNoC/module/Status.js":{"path":"/Users/guangyu/Desktop/18652/S16-A1-SSNoC/module/Status.js","s":{"1":1,"2":17,"3":17,"4":17,"5":17,"6":1},"b":{},"f":{"1":17},"fnMap":{"1":{"name":"Status","line":4,"loc":{"start":{"line":4,"column":0},"end":{"line":4,"column":18}}}},"statementMap":{"1":{"start":{"line":4,"column":0},"end":{"line":9,"column":1}},"2":{"start":{"line":5,"column":4},"end":{"line":5,"column":19}},"3":{"start":{"line":6,"column":4},"end":{"line":6,"column":23}},"4":{"start":{"line":7,"column":4},"end":{"line":7,"column":33}},"5":{"start":{"line":8,"column":4},"end":{"line":8,"column":32}},"6":{"start":{"line":11,"column":0},"end":{"line":11,"column":24}}},"branchMap":{}},"/Users/guangyu/Desktop/18652/S16-A1-SSNoC/module/Announcement.js":{"path":"/Users/guangyu/Desktop/18652/S16-A1-SSNoC/module/Announcement.js","s":{"1":1,"2":1,"3":2,"4":2,"5":2,"6":2,"7":2,"8":1,"9":2,"10":2,"11":1,"12":1,"13":1,"14":1,"15":1},"b":{},"f":{"1":2,"2":2,"3":1,"4":1},"fnMap":{"1":{"name":"Announcement","line":7,"loc":{"start":{"line":7,"column":0},"end":{"line":7,"column":60}}},"2":{"name":"(anonymous_2)","line":15,"loc":{"start":{"line":15,"column":42},"end":{"line":15,"column":95}}},"3":{"name":"(anonymous_3)","line":20,"loc":{"start":{"line":20,"column":36},"end":{"line":20,"column":56}}},"4":{"name":"(anonymous_4)","line":25,"loc":{"start":{"line":25,"column":41},"end":{"line":25,"column":68}}}},"statementMap":{"1":{"start":{"line":5,"column":0},"end":{"line":5,"column":52}},"2":{"start":{"line":7,"column":0},"end":{"line":13,"column":1}},"3":{"start":{"line":8,"column":1},"end":{"line":8,"column":26}},"4":{"start":{"line":9,"column":4},"end":{"line":9,"column":25}},"5":{"start":{"line":10,"column":4},"end":{"line":10,"column":37}},"6":{"start":{"line":11,"column":4},"end":{"line":11,"column":21}},"7":{"start":{"line":12,"column":4},"end":{"line":12,"column":47}},"8":{"start":{"line":15,"column":0},"end":{"line":18,"column":2}},"9":{"start":{"line":16,"column":4},"end":{"line":16,"column":88}},"10":{"start":{"line":17,"column":4},"end":{"line":17,"column":16}},"11":{"start":{"line":20,"column":0},"end":{"line":22,"column":2}},"12":{"start":{"line":21,"column":4},"end":{"line":21,"column":50}},"13":{"start":{"line":25,"column":0},"end":{"line":27,"column":2}},"14":{"start":{"line":26,"column":4},"end":{"line":26,"column":62}},"15":{"start":{"line":29,"column":0},"end":{"line":29,"column":30}}},"branchMap":{}},"/Users/guangyu/Desktop/18652/S16-A1-SSNoC/module/AnnouncementDb.js":{"path":"/Users/guangyu/Desktop/18652/S16-A1-SSNoC/module/AnnouncementDb.js","s":{"1":1,"2":1,"3":2,"4":1,"5":2,"6":2,"7":2,"8":2,"9":2,"10":2,"11":1,"12":1,"13":1,"14":1,"15":1,"16":1,"17":1,"18":1,"19":1,"20":1,"21":1,"22":1},"b":{},"f":{"1":2,"2":2,"3":2,"4":1,"5":1,"6":1,"7":1,"8":1,"9":1},"fnMap":{"1":{"name":"announcementDb","line":7,"loc":{"start":{"line":7,"column":0},"end":{"line":7,"column":26}}},"2":{"name":"(anonymous_2)","line":11,"loc":{"start":{"line":11,"column":43},"end":{"line":11,"column":101}}},"3":{"name":"(anonymous_3)","line":13,"loc":{"start":{"line":13,"column":21},"end":{"line":13,"column":33}}},"4":{"name":"(anonymous_4)","line":21,"loc":{"start":{"line":21,"column":43},"end":{"line":21,"column":63}}},"5":{"name":"(anonymous_5)","line":23,"loc":{"start":{"line":23,"column":21},"end":{"line":23,"column":32}}},"6":{"name":"(anonymous_6)","line":24,"loc":{"start":{"line":24,"column":50},"end":{"line":24,"column":70}}},"7":{"name":"(anonymous_7)","line":34,"loc":{"start":{"line":34,"column":48},"end":{"line":34,"column":75}}},"8":{"name":"(anonymous_8)","line":39,"loc":{"start":{"line":39,"column":21},"end":{"line":39,"column":32}}},"9":{"name":"(anonymous_9)","line":40,"loc":{"start":{"line":40,"column":22},"end":{"line":40,"column":42}}}},"statementMap":{"1":{"start":{"line":5,"column":0},"end":{"line":5,"column":43}},"2":{"start":{"line":7,"column":0},"end":{"line":9,"column":1}},"3":{"start":{"line":8,"column":4},"end":{"line":8,"column":47}},"4":{"start":{"line":11,"column":0},"end":{"line":19,"column":2}},"5":{"start":{"line":12,"column":4},"end":{"line":12,"column":25}},"6":{"start":{"line":13,"column":4},"end":{"line":18,"column":7}},"7":{"start":{"line":14,"column":8},"end":{"line":14,"column":167}},"8":{"start":{"line":15,"column":8},"end":{"line":15,"column":95}},"9":{"start":{"line":16,"column":8},"end":{"line":16,"column":75}},"10":{"start":{"line":17,"column":8},"end":{"line":17,"column":22}},"11":{"start":{"line":21,"column":0},"end":{"line":31,"column":2}},"12":{"start":{"line":22,"column":4},"end":{"line":22,"column":25}},"13":{"start":{"line":23,"column":4},"end":{"line":30,"column":7}},"14":{"start":{"line":24,"column":8},"end":{"line":29,"column":10}},"15":{"start":{"line":28,"column":12},"end":{"line":28,"column":27}},"16":{"start":{"line":34,"column":0},"end":{"line":46,"column":2}},"17":{"start":{"line":35,"column":4},"end":{"line":35,"column":25}},"18":{"start":{"line":37,"column":4},"end":{"line":37,"column":115}},"19":{"start":{"line":39,"column":4},"end":{"line":45,"column":7}},"20":{"start":{"line":40,"column":8},"end":{"line":44,"column":10}},"21":{"start":{"line":43,"column":12},"end":{"line":43,"column":27}},"22":{"start":{"line":48,"column":0},"end":{"line":48,"column":32}}},"branchMap":{}},"/Users/guangyu/Desktop/18652/S16-A1-SSNoC/module/TestMessage.js":{"path":"/Users/guangyu/Desktop/18652/S16-A1-SSNoC/module/TestMessage.js","s":{"1":1,"2":1,"3":4,"4":4,"5":4,"6":4,"7":1,"8":103,"9":1,"10":1,"11":1,"12":2,"13":1,"14":0,"15":1},"b":{},"f":{"1":4,"2":103,"3":1,"4":2,"5":0},"fnMap":{"1":{"name":"TestMessage","line":3,"loc":{"start":{"line":3,"column":0},"end":{"line":3,"column":46}}},"2":{"name":"(anonymous_2)","line":10,"loc":{"start":{"line":10,"column":36},"end":{"line":10,"column":84}}},"3":{"name":"(anonymous_3)","line":14,"loc":{"start":{"line":14,"column":35},"end":{"line":14,"column":55}}},"4":{"name":"(anonymous_4)","line":18,"loc":{"start":{"line":18,"column":39},"end":{"line":18,"column":58}}},"5":{"name":"(anonymous_5)","line":22,"loc":{"start":{"line":22,"column":30},"end":{"line":22,"column":41}}}},"statementMap":{"1":{"start":{"line":1,"column":0},"end":{"line":1,"column":50}},"2":{"start":{"line":3,"column":0},"end":{"line":8,"column":1}},"3":{"start":{"line":4,"column":4},"end":{"line":4,"column":29}},"4":{"start":{"line":5,"column":4},"end":{"line":5,"column":27}},"5":{"start":{"line":6,"column":4},"end":{"line":6,"column":21}},"6":{"start":{"line":7,"column":4},"end":{"line":7,"column":41}},"7":{"start":{"line":10,"column":0},"end":{"line":12,"column":2}},"8":{"start":{"line":11,"column":4},"end":{"line":11,"column":72}},"9":{"start":{"line":14,"column":0},"end":{"line":16,"column":2}},"10":{"start":{"line":15,"column":4},"end":{"line":15,"column":40}},"11":{"start":{"line":18,"column":0},"end":{"line":20,"column":1}},"12":{"start":{"line":19,"column":4},"end":{"line":19,"column":44}},"13":{"start":{"line":22,"column":0},"end":{"line":24,"column":1}},"14":{"start":{"line":23,"column":4},"end":{"line":23,"column":27}},"15":{"start":{"line":26,"column":0},"end":{"line":26,"column":29}}},"branchMap":{}},"/Users/guangyu/Desktop/18652/S16-A1-SSNoC/module/TestMessageDB.js":{"path":"/Users/guangyu/Desktop/18652/S16-A1-SSNoC/module/TestMessageDB.js","s":{"1":1,"2":1,"3":4,"4":4,"5":4,"6":4,"7":4,"8":103,"9":103,"10":103,"11":103,"12":103,"13":103,"14":103,"15":1,"16":1,"17":1,"18":1,"19":102,"20":4,"21":1,"22":1,"23":1,"24":1,"25":1,"26":1,"27":1,"28":0,"29":4,"30":2,"31":2,"32":2,"33":2,"34":2,"35":2,"36":2,"37":2,"38":4,"39":0,"40":0,"41":1},"b":{"1":[1,102],"2":[1,0]},"f":{"1":4,"2":103,"3":103,"4":1,"5":1,"6":1,"7":2,"8":2,"9":0},"fnMap":{"1":{"name":"TestMessageDb","line":4,"loc":{"start":{"line":4,"column":20},"end":{"line":4,"column":45}}},"2":{"name":"(anonymous_2)","line":9,"loc":{"start":{"line":9,"column":22},"end":{"line":9,"column":75}}},"3":{"name":"(anonymous_3)","line":12,"loc":{"start":{"line":12,"column":26},"end":{"line":12,"column":38}}},"4":{"name":"(anonymous_4)","line":32,"loc":{"start":{"line":32,"column":22},"end":{"line":32,"column":42}}},"5":{"name":"(anonymous_5)","line":34,"loc":{"start":{"line":34,"column":25},"end":{"line":34,"column":37}}},"6":{"name":"(anonymous_6)","line":35,"loc":{"start":{"line":35,"column":53},"end":{"line":35,"column":74}}},"7":{"name":"(anonymous_7)","line":46,"loc":{"start":{"line":46,"column":26},"end":{"line":46,"column":45}}},"8":{"name":"(anonymous_8)","line":51,"loc":{"start":{"line":51,"column":25},"end":{"line":51,"column":37}}},"9":{"name":"(anonymous_9)","line":60,"loc":{"start":{"line":60,"column":17},"end":{"line":60,"column":27}}}},"statementMap":{"1":{"start":{"line":1,"column":0},"end":{"line":1,"column":43}},"2":{"start":{"line":4,"column":0},"end":{"line":64,"column":1}},"3":{"start":{"line":5,"column":4},"end":{"line":5,"column":48}},"4":{"start":{"line":6,"column":4},"end":{"line":6,"column":20}},"5":{"start":{"line":7,"column":4},"end":{"line":7,"column":17}},"6":{"start":{"line":8,"column":4},"end":{"line":8,"column":16}},"7":{"start":{"line":9,"column":4},"end":{"line":30,"column":6}},"8":{"start":{"line":11,"column":8},"end":{"line":11,"column":29}},"9":{"start":{"line":12,"column":8},"end":{"line":29,"column":11}},"10":{"start":{"line":13,"column":12},"end":{"line":13,"column":165}},"11":{"start":{"line":14,"column":12},"end":{"line":14,"column":93}},"12":{"start":{"line":15,"column":12},"end":{"line":15,"column":69}},"13":{"start":{"line":17,"column":12},"end":{"line":17,"column":19}},"14":{"start":{"line":19,"column":12},"end":{"line":27,"column":13}},"15":{"start":{"line":20,"column":16},"end":{"line":20,"column":55}},"16":{"start":{"line":21,"column":16},"end":{"line":21,"column":25}},"17":{"start":{"line":22,"column":16},"end":{"line":22,"column":24}},"18":{"start":{"line":23,"column":16},"end":{"line":23,"column":35}},"19":{"start":{"line":25,"column":16},"end":{"line":25,"column":36}},"20":{"start":{"line":32,"column":4},"end":{"line":44,"column":6}},"21":{"start":{"line":33,"column":8},"end":{"line":33,"column":29}},"22":{"start":{"line":34,"column":8},"end":{"line":43,"column":11}},"23":{"start":{"line":35,"column":12},"end":{"line":42,"column":14}},"24":{"start":{"line":37,"column":16},"end":{"line":37,"column":22}},"25":{"start":{"line":38,"column":16},"end":{"line":38,"column":54}},"26":{"start":{"line":39,"column":16},"end":{"line":41,"column":35}},"27":{"start":{"line":40,"column":20},"end":{"line":40,"column":34}},"28":{"start":{"line":41,"column":21},"end":{"line":41,"column":35}},"29":{"start":{"line":46,"column":4},"end":{"line":59,"column":6}},"30":{"start":{"line":47,"column":8},"end":{"line":47,"column":29}},"31":{"start":{"line":48,"column":8},"end":{"line":48,"column":31}},"32":{"start":{"line":49,"column":8},"end":{"line":49,"column":33}},"33":{"start":{"line":51,"column":8},"end":{"line":58,"column":11}},"34":{"start":{"line":52,"column":12},"end":{"line":52,"column":51}},"35":{"start":{"line":54,"column":12},"end":{"line":54,"column":21}},"36":{"start":{"line":55,"column":12},"end":{"line":55,"column":20}},"37":{"start":{"line":57,"column":12},"end":{"line":57,"column":50}},"38":{"start":{"line":60,"column":4},"end":{"line":63,"column":5}},"39":{"start":{"line":61,"column":8},"end":{"line":61,"column":17}},"40":{"start":{"line":62,"column":8},"end":{"line":62,"column":16}},"41":{"start":{"line":68,"column":0},"end":{"line":68,"column":31}}},"branchMap":{"1":{"line":19,"type":"if","locations":[{"start":{"line":19,"column":12},"end":{"line":19,"column":12}},{"start":{"line":19,"column":12},"end":{"line":19,"column":12}}]},"2":{"line":39,"type":"if","locations":[{"start":{"line":39,"column":16},"end":{"line":39,"column":16}},{"start":{"line":39,"column":16},"end":{"line":39,"column":16}}]}}},"/Users/guangyu/Desktop/18652/S16-A1-SSNoC/module/PrivateMessage.js":{"path":"/Users/guangyu/Desktop/18652/S16-A1-SSNoC/module/PrivateMessage.js","s":{"1":1,"2":1,"3":1,"4":1,"5":1,"6":3,"7":3,"8":3,"9":3,"10":3,"11":1,"12":3,"13":3,"14":1,"15":2,"16":1,"17":1,"18":1},"b":{},"f":{"1":3,"2":3,"3":2,"4":1},"fnMap":{"1":{"name":"PrivateMessage","line":11,"loc":{"start":{"line":11,"column":0},"end":{"line":11,"column":57}}},"2":{"name":"(anonymous_2)","line":19,"loc":{"start":{"line":19,"column":38},"end":{"line":19,"column":98}}},"3":{"name":"(anonymous_3)","line":24,"loc":{"start":{"line":24,"column":38},"end":{"line":24,"column":76}}},"4":{"name":"(anonymous_4)","line":29,"loc":{"start":{"line":29,"column":43},"end":{"line":29,"column":77}}}},"statementMap":{"1":{"start":{"line":4,"column":0},"end":{"line":4,"column":42}},"2":{"start":{"line":5,"column":0},"end":{"line":5,"column":38}},"3":{"start":{"line":8,"column":0},"end":{"line":8,"column":41}},"4":{"start":{"line":9,"column":0},"end":{"line":9,"column":54}},"5":{"start":{"line":11,"column":0},"end":{"line":17,"column":1}},"6":{"start":{"line":12,"column":4},"end":{"line":12,"column":29}},"7":{"start":{"line":13,"column":4},"end":{"line":13,"column":25}},"8":{"start":{"line":14,"column":4},"end":{"line":14,"column":27}},"9":{"start":{"line":15,"column":4},"end":{"line":15,"column":21}},"10":{"start":{"line":16,"column":4},"end":{"line":16,"column":37}},"11":{"start":{"line":19,"column":0},"end":{"line":22,"column":2}},"12":{"start":{"line":20,"column":4},"end":{"line":20,"column":87}},"13":{"start":{"line":21,"column":4},"end":{"line":21,"column":16}},"14":{"start":{"line":24,"column":0},"end":{"line":26,"column":2}},"15":{"start":{"line":25,"column":4},"end":{"line":25,"column":65}},"16":{"start":{"line":29,"column":0},"end":{"line":31,"column":2}},"17":{"start":{"line":30,"column":4},"end":{"line":30,"column":66}},"18":{"start":{"line":33,"column":0},"end":{"line":33,"column":32}}},"branchMap":{}},"/Users/guangyu/Desktop/18652/S16-A1-SSNoC/module/MessageDb.js":{"path":"/Users/guangyu/Desktop/18652/S16-A1-SSNoC/module/MessageDb.js","s":{"1":1,"2":1,"3":7,"4":1,"5":2,"6":2,"7":2,"8":2,"9":2,"10":2,"11":2,"12":1,"13":1,"14":1,"15":1,"16":1,"17":1,"18":3,"19":3,"20":3,"21":3,"22":3,"23":3,"24":3,"25":1,"26":2,"27":2,"28":2,"29":2,"30":0,"31":2,"32":1,"33":1,"34":1,"35":1,"36":1,"37":1,"38":1,"39":1,"40":1,"41":1,"42":1,"43":1,"44":0,"45":1,"46":1},"b":{"1":[0,2],"2":[0,1]},"f":{"1":7,"2":2,"3":2,"4":1,"5":1,"6":1,"7":3,"8":3,"9":2,"10":2,"11":2,"12":1,"13":1,"14":1,"15":1,"16":1,"17":1},"fnMap":{"1":{"name":"MessageDb","line":6,"loc":{"start":{"line":6,"column":0},"end":{"line":6,"column":21}}},"2":{"name":"(anonymous_2)","line":11,"loc":{"start":{"line":11,"column":33},"end":{"line":11,"column":86}}},"3":{"name":"(anonymous_3)","line":14,"loc":{"start":{"line":14,"column":21},"end":{"line":14,"column":33}}},"4":{"name":"(anonymous_4)","line":23,"loc":{"start":{"line":23,"column":33},"end":{"line":23,"column":53}}},"5":{"name":"(anonymous_5)","line":25,"loc":{"start":{"line":25,"column":21},"end":{"line":25,"column":33}}},"6":{"name":"(anonymous_6)","line":26,"loc":{"start":{"line":26,"column":45},"end":{"line":26,"column":66}}},"7":{"name":"(anonymous_7)","line":32,"loc":{"start":{"line":32,"column":40},"end":{"line":32,"column":101}}},"8":{"name":"(anonymous_8)","line":35,"loc":{"start":{"line":35,"column":21},"end":{"line":35,"column":33}}},"9":{"name":"(anonymous_9)","line":44,"loc":{"start":{"line":44,"column":40},"end":{"line":44,"column":78}}},"10":{"name":"(anonymous_10)","line":46,"loc":{"start":{"line":46,"column":21},"end":{"line":46,"column":33}}},"11":{"name":"(anonymous_11)","line":47,"loc":{"start":{"line":47,"column":192},"end":{"line":47,"column":213}}},"12":{"name":"(anonymous_12)","line":58,"loc":{"start":{"line":58,"column":38},"end":{"line":58,"column":66}}},"13":{"name":"(anonymous_13)","line":62,"loc":{"start":{"line":62,"column":21},"end":{"line":62,"column":33}}},"14":{"name":"(anonymous_14)","line":63,"loc":{"start":{"line":63,"column":22},"end":{"line":63,"column":43}}},"15":{"name":"(anonymous_15)","line":72,"loc":{"start":{"line":72,"column":45},"end":{"line":72,"column":79}}},"16":{"name":"(anonymous_16)","line":78,"loc":{"start":{"line":78,"column":21},"end":{"line":78,"column":33}}},"17":{"name":"(anonymous_17)","line":79,"loc":{"start":{"line":79,"column":22},"end":{"line":79,"column":43}}}},"statementMap":{"1":{"start":{"line":4,"column":0},"end":{"line":4,"column":43}},"2":{"start":{"line":6,"column":0},"end":{"line":10,"column":1}},"3":{"start":{"line":7,"column":4},"end":{"line":7,"column":47}},"4":{"start":{"line":11,"column":0},"end":{"line":21,"column":2}},"5":{"start":{"line":13,"column":4},"end":{"line":13,"column":25}},"6":{"start":{"line":14,"column":4},"end":{"line":20,"column":7}},"7":{"start":{"line":15,"column":8},"end":{"line":15,"column":157}},"8":{"start":{"line":16,"column":8},"end":{"line":16,"column":87}},"9":{"start":{"line":17,"column":8},"end":{"line":17,"column":65}},"10":{"start":{"line":18,"column":8},"end":{"line":18,"column":22}},"11":{"start":{"line":19,"column":8},"end":{"line":19,"column":15}},"12":{"start":{"line":23,"column":0},"end":{"line":30,"column":2}},"13":{"start":{"line":24,"column":4},"end":{"line":24,"column":25}},"14":{"start":{"line":25,"column":4},"end":{"line":29,"column":7}},"15":{"start":{"line":26,"column":8},"end":{"line":28,"column":10}},"16":{"start":{"line":27,"column":12},"end":{"line":27,"column":27}},"17":{"start":{"line":32,"column":0},"end":{"line":42,"column":2}},"18":{"start":{"line":34,"column":4},"end":{"line":34,"column":25}},"19":{"start":{"line":35,"column":4},"end":{"line":41,"column":7}},"20":{"start":{"line":36,"column":8},"end":{"line":36,"column":177}},"21":{"start":{"line":37,"column":8},"end":{"line":37,"column":99}},"22":{"start":{"line":38,"column":8},"end":{"line":38,"column":73}},"23":{"start":{"line":39,"column":8},"end":{"line":39,"column":22}},"24":{"start":{"line":40,"column":8},"end":{"line":40,"column":15}},"25":{"start":{"line":44,"column":0},"end":{"line":55,"column":2}},"26":{"start":{"line":45,"column":4},"end":{"line":45,"column":25}},"27":{"start":{"line":46,"column":4},"end":{"line":54,"column":7}},"28":{"start":{"line":47,"column":8},"end":{"line":53,"column":11}},"29":{"start":{"line":48,"column":12},"end":{"line":52,"column":13}},"30":{"start":{"line":49,"column":16},"end":{"line":49,"column":30}},"31":{"start":{"line":51,"column":16},"end":{"line":51,"column":31}},"32":{"start":{"line":58,"column":0},"end":{"line":69,"column":2}},"33":{"start":{"line":59,"column":4},"end":{"line":59,"column":25}},"34":{"start":{"line":60,"column":4},"end":{"line":60,"column":111}},"35":{"start":{"line":62,"column":4},"end":{"line":68,"column":7}},"36":{"start":{"line":63,"column":8},"end":{"line":67,"column":10}},"37":{"start":{"line":65,"column":12},"end":{"line":65,"column":27}},"38":{"start":{"line":72,"column":0},"end":{"line":87,"column":2}},"39":{"start":{"line":73,"column":4},"end":{"line":73,"column":25}},"40":{"start":{"line":74,"column":4},"end":{"line":76,"column":59}},"41":{"start":{"line":78,"column":4},"end":{"line":86,"column":7}},"42":{"start":{"line":79,"column":8},"end":{"line":85,"column":11}},"43":{"start":{"line":80,"column":12},"end":{"line":84,"column":13}},"44":{"start":{"line":81,"column":16},"end":{"line":81,"column":30}},"45":{"start":{"line":83,"column":16},"end":{"line":83,"column":31}},"46":{"start":{"line":89,"column":0},"end":{"line":89,"column":27}}},"branchMap":{"1":{"line":48,"type":"if","locations":[{"start":{"line":48,"column":12},"end":{"line":48,"column":12}},{"start":{"line":48,"column":12},"end":{"line":48,"column":12}}]},"2":{"line":80,"type":"if","locations":[{"start":{"line":80,"column":12},"end":{"line":80,"column":12}},{"start":{"line":80,"column":12},"end":{"line":80,"column":12}}]}}},"/Users/guangyu/Desktop/18652/S16-A1-SSNoC/module/Message.js":{"path":"/Users/guangyu/Desktop/18652/S16-A1-SSNoC/module/Message.js","s":{"1":1,"2":1,"3":4,"4":4,"5":4,"6":4,"7":1,"8":2,"9":1,"10":1,"11":1,"12":1,"13":1},"b":{},"f":{"1":4,"2":2,"3":1,"4":1},"fnMap":{"1":{"name":"Message","line":3,"loc":{"start":{"line":3,"column":0},"end":{"line":3,"column":42}}},"2":{"name":"(anonymous_2)","line":10,"loc":{"start":{"line":10,"column":32},"end":{"line":10,"column":80}}},"3":{"name":"(anonymous_3)","line":14,"loc":{"start":{"line":14,"column":31},"end":{"line":14,"column":51}}},"4":{"name":"(anonymous_4)","line":19,"loc":{"start":{"line":19,"column":36},"end":{"line":19,"column":64}}}},"statementMap":{"1":{"start":{"line":1,"column":0},"end":{"line":1,"column":42}},"2":{"start":{"line":3,"column":0},"end":{"line":8,"column":1}},"3":{"start":{"line":4,"column":4},"end":{"line":4,"column":29}},"4":{"start":{"line":5,"column":4},"end":{"line":5,"column":27}},"5":{"start":{"line":6,"column":4},"end":{"line":6,"column":21}},"6":{"start":{"line":7,"column":4},"end":{"line":7,"column":37}},"7":{"start":{"line":10,"column":0},"end":{"line":12,"column":2}},"8":{"start":{"line":11,"column":4},"end":{"line":11,"column":72}},"9":{"start":{"line":14,"column":0},"end":{"line":16,"column":2}},"10":{"start":{"line":15,"column":4},"end":{"line":15,"column":40}},"11":{"start":{"line":19,"column":0},"end":{"line":21,"column":2}},"12":{"start":{"line":20,"column":4},"end":{"line":20,"column":53}},"13":{"start":{"line":23,"column":0},"end":{"line":23,"column":25}}},"branchMap":{}},"/Users/guangyu/Desktop/18652/S16-A1-SSNoC/module/Directory.js":{"path":"/Users/guangyu/Desktop/18652/S16-A1-SSNoC/module/Directory.js","s":{"1":1,"2":1,"3":1,"4":1,"5":1,"6":1,"7":1,"8":1,"9":1,"10":1,"11":1,"12":1,"13":1,"14":1,"15":1,"16":1,"17":1,"18":1,"19":1,"20":1,"21":1,"22":1,"23":1,"24":1,"25":2,"26":2,"27":2,"28":1,"29":0,"30":0,"31":0,"32":0,"33":0,"34":0,"35":1,"36":2,"37":2,"38":0,"39":2,"40":2,"41":2,"42":2,"43":1,"44":0,"45":0,"46":0,"47":0,"48":1,"49":0,"50":1},"b":{"1":[1,0],"2":[1,0],"3":[0,2],"4":[2,0]},"f":{"1":1,"2":1,"3":1,"4":1,"5":1,"6":2,"7":0,"8":2,"9":0,"10":0},"fnMap":{"1":{"name":"Directory","line":5,"loc":{"start":{"line":5,"column":20},"end":{"line":5,"column":40}}},"2":{"name":"(anonymous_2)","line":14,"loc":{"start":{"line":14,"column":25},"end":{"line":14,"column":51}}},"3":{"name":"(anonymous_3)","line":18,"loc":{"start":{"line":18,"column":29},"end":{"line":18,"column":55}}},"4":{"name":"(anonymous_4)","line":27,"loc":{"start":{"line":27,"column":33},"end":{"line":27,"column":59}}},"5":{"name":"(anonymous_5)","line":32,"loc":{"start":{"line":32,"column":37},"end":{"line":32,"column":63}}},"6":{"name":"(anonymous_6)","line":41,"loc":{"start":{"line":41,"column":28},"end":{"line":41,"column":44}}},"7":{"name":"(anonymous_7)","line":49,"loc":{"start":{"line":49,"column":18},"end":{"line":49,"column":52}}},"8":{"name":"(anonymous_8)","line":64,"loc":{"start":{"line":64,"column":31},"end":{"line":64,"column":45}}},"9":{"name":"(anonymous_9)","line":77,"loc":{"start":{"line":77,"column":26},"end":{"line":77,"column":44}}},"10":{"name":"(anonymous_10)","line":86,"loc":{"start":{"line":86,"column":27},"end":{"line":86,"column":45}}}},"statementMap":{"1":{"start":{"line":1,"column":0},"end":{"line":1,"column":36}},"2":{"start":{"line":2,"column":0},"end":{"line":2,"column":31}},"3":{"start":{"line":5,"column":0},"end":{"line":91,"column":2}},"4":{"start":{"line":6,"column":4},"end":{"line":6,"column":29}},"5":{"start":{"line":7,"column":4},"end":{"line":7,"column":24}},"6":{"start":{"line":9,"column":4},"end":{"line":9,"column":25}},"7":{"start":{"line":11,"column":4},"end":{"line":11,"column":31}},"8":{"start":{"line":14,"column":4},"end":{"line":16,"column":5}},"9":{"start":{"line":15,"column":8},"end":{"line":15,"column":75}},"10":{"start":{"line":18,"column":4},"end":{"line":25,"column":6}},"11":{"start":{"line":19,"column":8},"end":{"line":19,"column":17}},"12":{"start":{"line":20,"column":8},"end":{"line":23,"column":9}},"13":{"start":{"line":22,"column":12},"end":{"line":22,"column":76}},"14":{"start":{"line":22,"column":46},"end":{"line":22,"column":76}},"15":{"start":{"line":24,"column":8},"end":{"line":24,"column":22}},"16":{"start":{"line":27,"column":4},"end":{"line":29,"column":5}},"17":{"start":{"line":28,"column":8},"end":{"line":28,"column":78}},"18":{"start":{"line":32,"column":4},"end":{"line":38,"column":6}},"19":{"start":{"line":33,"column":8},"end":{"line":33,"column":17}},"20":{"start":{"line":34,"column":8},"end":{"line":36,"column":9}},"21":{"start":{"line":35,"column":12},"end":{"line":35,"column":86}},"22":{"start":{"line":35,"column":56},"end":{"line":35,"column":86}},"23":{"start":{"line":37,"column":8},"end":{"line":37,"column":22}},"24":{"start":{"line":41,"column":4},"end":{"line":46,"column":6}},"25":{"start":{"line":42,"column":8},"end":{"line":42,"column":39}},"26":{"start":{"line":43,"column":8},"end":{"line":43,"column":46}},"27":{"start":{"line":44,"column":8},"end":{"line":44,"column":44}},"28":{"start":{"line":49,"column":4},"end":{"line":60,"column":6}},"29":{"start":{"line":50,"column":8},"end":{"line":50,"column":17}},"30":{"start":{"line":51,"column":8},"end":{"line":54,"column":9}},"31":{"start":{"line":53,"column":12},"end":{"line":53,"column":42}},"32":{"start":{"line":56,"column":8},"end":{"line":56,"column":44}},"33":{"start":{"line":58,"column":8},"end":{"line":58,"column":43}},"34":{"start":{"line":59,"column":8},"end":{"line":59,"column":40}},"35":{"start":{"line":64,"column":4},"end":{"line":75,"column":6}},"36":{"start":{"line":66,"column":8},"end":{"line":66,"column":54}},"37":{"start":{"line":67,"column":8},"end":{"line":69,"column":9}},"38":{"start":{"line":68,"column":12},"end":{"line":68,"column":49}},"39":{"start":{"line":70,"column":8},"end":{"line":70,"column":59}},"40":{"start":{"line":71,"column":8},"end":{"line":73,"column":9}},"41":{"start":{"line":72,"column":12},"end":{"line":72,"column":45}},"42":{"start":{"line":74,"column":8},"end":{"line":74,"column":45}},"43":{"start":{"line":77,"column":4},"end":{"line":84,"column":6}},"44":{"start":{"line":78,"column":8},"end":{"line":78,"column":17}},"45":{"start":{"line":79,"column":8},"end":{"line":82,"column":9}},"46":{"start":{"line":81,"column":12},"end":{"line":81,"column":42}},"47":{"start":{"line":83,"column":8},"end":{"line":83,"column":22}},"48":{"start":{"line":86,"column":4},"end":{"line":88,"column":6}},"49":{"start":{"line":87,"column":8},"end":{"line":87,"column":62}},"50":{"start":{"line":93,"column":0},"end":{"line":93,"column":27}}},"branchMap":{"1":{"line":22,"type":"if","locations":[{"start":{"line":22,"column":12},"end":{"line":22,"column":12}},{"start":{"line":22,"column":12},"end":{"line":22,"column":12}}]},"2":{"line":35,"type":"if","locations":[{"start":{"line":35,"column":12},"end":{"line":35,"column":12}},{"start":{"line":35,"column":12},"end":{"line":35,"column":12}}]},"3":{"line":67,"type":"if","locations":[{"start":{"line":67,"column":8},"end":{"line":67,"column":8}},{"start":{"line":67,"column":8},"end":{"line":67,"column":8}}]},"4":{"line":71,"type":"if","locations":[{"start":{"line":71,"column":8},"end":{"line":71,"column":8}},{"start":{"line":71,"column":8},"end":{"line":71,"column":8}}]}}}}