TN:
SF:/Users/Jin/Documents/cmu第二学期/software foundation/github/S16-A1-SSNoC/module/User.js
FN:6,User
FN:14,(anonymous_2)
FN:21,(anonymous_3)
FN:25,(anonymous_4)
FN:29,(anonymous_5)
FN:34,(anonymous_6)
FN:39,(anonymous_7)
FN:40,(anonymous_8)
FNF:8
FNH:7
FNDA:24,User
FNDA:9,(anonymous_2)
FNDA:2,(anonymous_3)
FNDA:2,(anonymous_4)
FNDA:0,(anonymous_5)
FNDA:1,(anonymous_6)
FNDA:15,(anonymous_7)
FNDA:15,(anonymous_8)
DA:4,1
DA:6,1
DA:7,24
DA:8,24
DA:9,24
DA:10,24
DA:11,24
DA:14,1
DA:15,9
DA:16,9
DA:17,9
DA:18,9
DA:21,1
DA:22,2
DA:25,1
DA:26,2
DA:29,1
DA:30,0
DA:34,1
DA:35,1
DA:36,1
DA:39,1
DA:40,15
DA:41,15
DA:42,2
DA:44,13
DA:45,13
DA:46,13
DA:49,14
DA:53,1
LF:30
LH:29
BRDA:41,1,0,2
BRDA:41,1,1,13
BRF:2
BRH:2
end_of_record
TN:
SF:/Users/Jin/Documents/cmu第二学期/software foundation/github/S16-A1-SSNoC/module/UserDb.js
FN:9,UserDb
FN:14,(anonymous_2)
FN:16,(anonymous_3)
FN:17,(anonymous_4)
FN:26,(anonymous_5)
FN:44,(anonymous_6)
FN:46,(anonymous_7)
FN:47,(anonymous_8)
FN:59,(anonymous_9)
FN:61,(anonymous_10)
FN:62,(anonymous_11)
FN:70,(anonymous_12)
FN:71,(anonymous_13)
FN:92,(anonymous_14)
FN:99,(anonymous_15)
FN:106,(anonymous_16)
FN:110,(anonymous_17)
FN:111,(anonymous_18)
FN:120,(anonymous_19)
FN:122,(anonymous_20)
FN:123,(anonymous_21)
FN:140,(anonymous_22)
FN:146,(anonymous_23)
FN:151,(anonymous_24)
FN:157,(anonymous_25)
FNF:25
FNH:18
FNDA:25,UserDb
FNDA:2,(anonymous_2)
FNDA:2,(anonymous_3)
FNDA:2,(anonymous_4)
FNDA:1,(anonymous_5)
FNDA:2,(anonymous_6)
FNDA:2,(anonymous_7)
FNDA:2,(anonymous_8)
FNDA:0,(anonymous_9)
FNDA:0,(anonymous_10)
FNDA:0,(anonymous_11)
FNDA:0,(anonymous_12)
FNDA:0,(anonymous_13)
FNDA:0,(anonymous_14)
FNDA:0,(anonymous_15)
FNDA:1,(anonymous_16)
FNDA:1,(anonymous_17)
FNDA:1,(anonymous_18)
FNDA:15,(anonymous_19)
FNDA:15,(anonymous_20)
FNDA:15,(anonymous_21)
FNDA:1,(anonymous_22)
FNDA:1,(anonymous_23)
FNDA:1,(anonymous_24)
FNDA:1,(anonymous_25)
DA:5,1
DA:6,1
DA:7,1
DA:9,1
DA:10,25
DA:14,1
DA:15,2
DA:16,2
DA:17,2
DA:18,2
DA:19,1
DA:20,1
DA:22,1
DA:23,1
DA:24,1
DA:26,1
DA:27,1
DA:28,0
DA:31,1
DA:32,1
DA:33,1
DA:34,1
DA:44,1
DA:45,2
DA:46,2
DA:47,2
DA:48,2
DA:49,1
DA:50,1
DA:52,1
DA:53,1
DA:59,1
DA:60,0
DA:61,0
DA:62,0
DA:63,0
DA:64,0
DA:65,0
DA:66,0
DA:67,0
DA:68,0
DA:70,0
DA:71,0
DA:72,0
DA:73,0
DA:74,0
DA:76,0
DA:77,0
DA:78,0
DA:79,0
DA:80,0
DA:81,0
DA:92,1
DA:94,0
DA:97,0
DA:99,0
DA:101,0
DA:106,1
DA:107,1
DA:109,1
DA:110,1
DA:111,1
DA:114,1
DA:115,0
DA:120,1
DA:121,15
DA:122,15
DA:123,15
DA:124,15
DA:125,2
DA:126,1
DA:129,13
DA:130,13
DA:131,13
DA:132,13
DA:133,13
DA:140,1
DA:141,1
DA:143,1
DA:144,1
DA:146,1
DA:147,1
DA:151,1
DA:152,1
DA:154,1
DA:155,1
DA:157,1
DA:158,1
DA:163,1
LF:89
LH:63
BRDA:18,1,0,1
BRDA:18,1,1,1
BRDA:27,2,0,0
BRDA:27,2,1,1
BRDA:27,3,0,1
BRDA:27,3,1,1
BRDA:27,3,2,1
BRDA:48,4,0,1
BRDA:48,4,1,1
BRDA:48,5,0,2
BRDA:48,5,1,2
BRDA:63,6,0,0
BRDA:63,6,1,0
BRDA:63,7,0,0
BRDA:63,7,1,0
BRDA:66,8,0,0
BRDA:66,8,1,0
BRDA:72,9,0,0
BRDA:72,9,1,0
BRDA:72,10,0,0
BRDA:72,10,1,0
BRDA:72,10,2,0
BRDA:114,11,0,1
BRDA:114,11,1,0
BRDA:124,12,0,2
BRDA:124,12,1,13
BRDA:124,13,0,15
BRDA:124,13,1,15
BRDA:124,13,2,15
BRF:29
BRH:16
end_of_record
TN:
SF:/Users/Jin/Documents/cmu第二学期/software foundation/github/S16-A1-SSNoC/module/Status.js
FN:4,Status
FNF:1
FNH:1
FNDA:17,Status
DA:4,1
DA:5,17
DA:6,17
DA:7,17
DA:8,17
DA:11,1
LF:6
LH:6
BRF:0
BRH:0
end_of_record
TN:
SF:/Users/Jin/Documents/cmu第二学期/software foundation/github/S16-A1-SSNoC/module/Announcement.js
FN:7,Announcement
FN:15,(anonymous_2)
FN:20,(anonymous_3)
FN:25,(anonymous_4)
FNF:4
FNH:4
FNDA:2,Announcement
FNDA:2,(anonymous_2)
FNDA:1,(anonymous_3)
FNDA:1,(anonymous_4)
DA:5,1
DA:7,1
DA:8,2
DA:9,2
DA:10,2
DA:11,2
DA:12,2
DA:15,1
DA:16,2
DA:17,2
DA:20,1
DA:21,1
DA:25,1
DA:26,1
DA:29,1
LF:15
LH:15
BRF:0
BRH:0
end_of_record
TN:
SF:/Users/Jin/Documents/cmu第二学期/software foundation/github/S16-A1-SSNoC/module/AnnouncementDb.js
FN:7,announcementDb
FN:11,(anonymous_2)
FN:13,(anonymous_3)
FN:21,(anonymous_4)
FN:23,(anonymous_5)
FN:24,(anonymous_6)
FN:34,(anonymous_7)
FN:39,(anonymous_8)
FN:40,(anonymous_9)
FNF:9
FNH:9
FNDA:2,announcementDb
FNDA:2,(anonymous_2)
FNDA:2,(anonymous_3)
FNDA:1,(anonymous_4)
FNDA:1,(anonymous_5)
FNDA:1,(anonymous_6)
FNDA:1,(anonymous_7)
FNDA:1,(anonymous_8)
FNDA:1,(anonymous_9)
DA:5,1
DA:7,1
DA:8,2
DA:11,1
DA:12,2
DA:13,2
DA:14,2
DA:15,2
DA:16,2
DA:17,2
DA:21,1
DA:22,1
DA:23,1
DA:24,1
DA:28,1
DA:34,1
DA:35,1
DA:37,1
DA:39,1
DA:40,1
DA:43,1
DA:48,1
LF:22
LH:22
BRF:0
BRH:0
end_of_record
TN:
SF:/Users/Jin/Documents/cmu第二学期/software foundation/github/S16-A1-SSNoC/module/TestMessage.js
FN:3,TestMessage
FN:10,(anonymous_2)
FN:14,(anonymous_3)
FN:18,(anonymous_4)
FN:22,(anonymous_5)
FNF:5
FNH:4
FNDA:4,TestMessage
FNDA:103,(anonymous_2)
FNDA:1,(anonymous_3)
FNDA:2,(anonymous_4)
FNDA:0,(anonymous_5)
DA:1,1
DA:3,1
DA:4,4
DA:5,4
DA:6,4
DA:7,4
DA:10,1
DA:11,103
DA:14,1
DA:15,1
DA:18,1
DA:19,2
DA:22,1
DA:23,0
DA:26,1
LF:15
LH:14
BRF:0
BRH:0
end_of_record
TN:
SF:/Users/Jin/Documents/cmu第二学期/software foundation/github/S16-A1-SSNoC/module/TestMessageDB.js
FN:4,TestMessageDb
FN:9,(anonymous_2)
FN:12,(anonymous_3)
FN:32,(anonymous_4)
FN:34,(anonymous_5)
FN:35,(anonymous_6)
FN:46,(anonymous_7)
FN:51,(anonymous_8)
FN:60,(anonymous_9)
FNF:9
FNH:8
FNDA:4,TestMessageDb
FNDA:103,(anonymous_2)
FNDA:103,(anonymous_3)
FNDA:1,(anonymous_4)
FNDA:1,(anonymous_5)
FNDA:1,(anonymous_6)
FNDA:2,(anonymous_7)
FNDA:2,(anonymous_8)
FNDA:0,(anonymous_9)
DA:1,1
DA:4,1
DA:5,4
DA:6,4
DA:7,4
DA:8,4
DA:9,4
DA:11,103
DA:12,103
DA:13,103
DA:14,103
DA:15,103
DA:17,103
DA:19,103
DA:20,1
DA:21,1
DA:22,1
DA:23,1
DA:25,102
DA:32,4
DA:33,1
DA:34,1
DA:35,1
DA:37,1
DA:38,1
DA:39,1
DA:40,1
DA:41,0
DA:46,4
DA:47,2
DA:48,2
DA:49,2
DA:51,2
DA:52,2
DA:54,2
DA:55,2
DA:57,2
DA:60,4
DA:61,0
DA:62,0
DA:68,1
LF:41
LH:38
BRDA:19,1,0,1
BRDA:19,1,1,102
BRDA:39,2,0,1
BRDA:39,2,1,0
BRF:4
BRH:3
end_of_record
TN:
SF:/Users/Jin/Documents/cmu第二学期/software foundation/github/S16-A1-SSNoC/module/PrivateMessage.js
FN:11,PrivateMessage
FN:19,(anonymous_2)
FN:24,(anonymous_3)
FN:29,(anonymous_4)
FNF:4
FNH:4
FNDA:3,PrivateMessage
FNDA:3,(anonymous_2)
FNDA:2,(anonymous_3)
FNDA:1,(anonymous_4)
DA:4,1
DA:5,1
DA:8,1
DA:9,1
DA:11,1
DA:12,3
DA:13,3
DA:14,3
DA:15,3
DA:16,3
DA:19,1
DA:20,3
DA:21,3
DA:24,1
DA:25,2
DA:29,1
DA:30,1
DA:33,1
LF:18
LH:18
BRF:0
BRH:0
end_of_record
TN:
SF:/Users/Jin/Documents/cmu第二学期/software foundation/github/S16-A1-SSNoC/module/MessageDb.js
FN:6,MessageDb
FN:11,(anonymous_2)
FN:14,(anonymous_3)
FN:23,(anonymous_4)
FN:25,(anonymous_5)
FN:26,(anonymous_6)
FN:32,(anonymous_7)
FN:35,(anonymous_8)
FN:44,(anonymous_9)
FN:46,(anonymous_10)
FN:47,(anonymous_11)
FN:58,(anonymous_12)
FN:62,(anonymous_13)
FN:63,(anonymous_14)
FN:72,(anonymous_15)
FN:78,(anonymous_16)
FN:79,(anonymous_17)
FNF:17
FNH:17
FNDA:7,MessageDb
FNDA:2,(anonymous_2)
FNDA:2,(anonymous_3)
FNDA:1,(anonymous_4)
FNDA:1,(anonymous_5)
FNDA:1,(anonymous_6)
FNDA:3,(anonymous_7)
FNDA:3,(anonymous_8)
FNDA:2,(anonymous_9)
FNDA:2,(anonymous_10)
FNDA:2,(anonymous_11)
FNDA:1,(anonymous_12)
FNDA:1,(anonymous_13)
FNDA:1,(anonymous_14)
FNDA:1,(anonymous_15)
FNDA:1,(anonymous_16)
FNDA:1,(anonymous_17)
DA:4,1
DA:6,1
DA:7,7
DA:11,1
DA:13,2
DA:14,2
DA:15,2
DA:16,2
DA:17,2
DA:18,2
DA:19,2
DA:23,1
DA:24,1
DA:25,1
DA:26,1
DA:27,1
DA:32,1
DA:34,3
DA:35,3
DA:36,3
DA:37,3
DA:38,3
DA:39,3
DA:40,3
DA:44,1
DA:45,2
DA:46,2
DA:47,2
DA:48,2
DA:49,0
DA:51,2
DA:58,1
DA:59,1
DA:60,1
DA:62,1
DA:63,1
DA:65,1
DA:72,1
DA:73,1
DA:74,1
DA:78,1
DA:79,1
DA:80,1
DA:81,0
DA:83,1
DA:89,1
LF:46
LH:44
BRDA:48,1,0,0
BRDA:48,1,1,2
BRDA:80,2,0,0
BRDA:80,2,1,1
BRF:4
BRH:2
end_of_record
TN:
SF:/Users/Jin/Documents/cmu第二学期/software foundation/github/S16-A1-SSNoC/module/Message.js
FN:3,Message
FN:10,(anonymous_2)
FN:14,(anonymous_3)
FN:19,(anonymous_4)
FNF:4
FNH:4
FNDA:4,Message
FNDA:2,(anonymous_2)
FNDA:1,(anonymous_3)
FNDA:1,(anonymous_4)
DA:1,1
DA:3,1
DA:4,4
DA:5,4
DA:6,4
DA:7,4
DA:10,1
DA:11,2
DA:14,1
DA:15,1
DA:19,1
DA:20,1
DA:23,1
LF:13
LH:13
BRF:0
BRH:0
end_of_record
TN:
SF:/Users/Jin/Documents/cmu第二学期/software foundation/github/S16-A1-SSNoC/module/Directory.js
FN:5,Directory
FN:14,(anonymous_2)
FN:18,(anonymous_3)
FN:27,(anonymous_4)
FN:32,(anonymous_5)
FN:41,(anonymous_6)
FN:49,(anonymous_7)
FN:64,(anonymous_8)
FN:77,(anonymous_9)
FN:86,(anonymous_10)
FNF:10
FNH:7
FNDA:1,Directory
FNDA:1,(anonymous_2)
FNDA:1,(anonymous_3)
FNDA:1,(anonymous_4)
FNDA:1,(anonymous_5)
FNDA:2,(anonymous_6)
FNDA:0,(anonymous_7)
FNDA:2,(anonymous_8)
FNDA:0,(anonymous_9)
FNDA:0,(anonymous_10)
DA:1,1
DA:2,1
DA:5,1
DA:6,1
DA:7,1
DA:9,1
DA:11,1
DA:14,1
DA:15,1
DA:18,1
DA:19,1
DA:20,1
DA:22,1
DA:24,1
DA:27,1
DA:28,1
DA:32,1
DA:33,1
DA:34,1
DA:35,1
DA:37,1
DA:41,1
DA:42,2
DA:43,2
DA:44,2
DA:49,1
DA:50,0
DA:51,0
DA:53,0
DA:56,0
DA:58,0
DA:59,0
DA:64,1
DA:66,2
DA:67,2
DA:68,0
DA:70,2
DA:71,2
DA:72,2
DA:74,2
DA:77,1
DA:78,0
DA:79,0
DA:81,0
DA:83,0
DA:86,1
DA:87,0
DA:93,1
LF:48
LH:36
BRDA:22,1,0,1
BRDA:22,1,1,0
BRDA:35,2,0,1
BRDA:35,2,1,0
BRDA:67,3,0,0
BRDA:67,3,1,2
BRDA:71,4,0,2
BRDA:71,4,1,0
BRF:8
BRH:4
end_of_record
